0:0:0:0:0:0:0:1 - - [04/Sep/2015:21:40:32 +0530] GET / HTTP/1.1 200 3523
0:0:0:0:0:0:0:1 - - [04/Sep/2015:21:40:32 +0530] GET /css/bootstrap.css HTTP/1.1 200 129126
0:0:0:0:0:0:0:1 - - [04/Sep/2015:21:40:32 +0530] GET /css/bootstrap-dialog.css HTTP/1.1 200 2554
0:0:0:0:0:0:0:1 - - [04/Sep/2015:21:40:32 +0530] GET /css/morris.css HTTP/1.1 200 443
0:0:0:0:0:0:0:1 - - [04/Sep/2015:21:40:32 +0530] GET /css/colorbox.css HTTP/1.1 200 4385
0:0:0:0:0:0:0:1 - - [04/Sep/2015:21:40:32 +0530] GET /css/sticky-footer-navbar.css HTTP/1.1 200 938
0:0:0:0:0:0:0:1 - - [04/Sep/2015:21:40:32 +0530] GET /css/font-awesome.css HTTP/1.1 200 25197
0:0:0:0:0:0:0:1 - - [04/Sep/2015:21:40:32 +0530] GET /css/datepicker.css HTTP/1.1 200 33704
0:0:0:0:0:0:0:1 - - [04/Sep/2015:21:40:32 +0530] GET /css/krystal.css HTTP/1.1 200 7246
0:0:0:0:0:0:0:1 - - [04/Sep/2015:21:40:32 +0530] GET /js/jquery.js HTTP/1.1 200 93435
0:0:0:0:0:0:0:1 - - [04/Sep/2015:21:40:32 +0530] GET /js/bootstrap-dialog.js HTTP/1.1 200 21189
0:0:0:0:0:0:0:1 - - [04/Sep/2015:21:40:32 +0530] GET /js/odometer.min.js HTTP/1.1 200 9896
0:0:0:0:0:0:0:1 - - [04/Sep/2015:21:40:32 +0530] GET /js/jquery.validate.min.js HTTP/1.1 200 21069
0:0:0:0:0:0:0:1 - - [04/Sep/2015:21:40:32 +0530] GET /js/additional-methods.min.js HTTP/1.1 200 13819
0:0:0:0:0:0:0:1 - - [04/Sep/2015:21:40:32 +0530] GET /js/bootstrap-datepicker.js HTTP/1.1 200 46821
0:0:0:0:0:0:0:1 - - [04/Sep/2015:21:40:33 +0530] GET /js/raphael-min.js HTTP/1.1 200 90647
0:0:0:0:0:0:0:1 - - [04/Sep/2015:21:40:33 +0530] GET /js/morris.js HTTP/1.1 200 60604
0:0:0:0:0:0:0:1 - - [04/Sep/2015:21:40:33 +0530] GET /js/bootstrap.js HTTP/1.1 200 55258
0:0:0:0:0:0:0:1 - - [04/Sep/2015:21:40:33 +0530] GET /js/typeahead.min.js HTTP/1.1 200 21804
0:0:0:0:0:0:0:1 - - [04/Sep/2015:21:40:33 +0530] GET /js/jquery.highlight.js HTTP/1.1 200 4089
0:0:0:0:0:0:0:1 - - [04/Sep/2015:21:40:33 +0530] GET /js/jquery.colorbox-min.js HTTP/1.1 200 11095
0:0:0:0:0:0:0:1 - - [04/Sep/2015:21:40:34 +0530] GET /js/scripts.js HTTP/1.1 200 16197
0:0:0:0:0:0:0:1 - - [04/Sep/2015:21:40:34 +0530] GET /images/krystal.png HTTP/1.1 200 7835
0:0:0:0:0:0:0:1 - - [04/Sep/2015:21:40:34 +0530] GET /images/primeleaf.jpg HTTP/1.1 200 1719
0:0:0:0:0:0:0:1 - - [04/Sep/2015:21:40:34 +0530] GET /fonts/krystaldms-opensans.woff HTTP/1.1 200 20544
0:0:0:0:0:0:0:1 - - [04/Sep/2015:21:40:34 +0530] GET /fonts/fontawesome-webfont.woff?v=4.1.0 HTTP/1.1 200 83760
0:0:0:0:0:0:0:1 - - [04/Sep/2015:21:40:35 +0530] GET /fonts/krystaldms-opensanslight.woff HTTP/1.1 200 21744
0:0:0:0:0:0:0:1 - - [04/Sep/2015:21:40:35 +0530] GET /images/overlay.png HTTP/1.1 200 182
0:0:0:0:0:0:0:1 - - [04/Sep/2015:21:40:35 +0530] GET /images/favicon.ico HTTP/1.1 200 1150
0:0:0:0:0:0:0:1 - - [04/Sep/2015:21:40:42 +0530] POST /login HTTP/1.1 302 -
0:0:0:0:0:0:0:1 - - [04/Sep/2015:21:40:42 +0530] GET /console HTTP/1.1 200 10743
0:0:0:0:0:0:0:1 - - [04/Sep/2015:21:40:42 +0530] GET /fonts/krystaldms-opensansbold.woff HTTP/1.1 200 21272
0:0:0:0:0:0:0:1 - - [04/Sep/2015:21:40:43 +0530] GET /console/profilepicture?size=medium&username=ADMINISTRATOR HTTP/1.1 200 692
0:0:0:0:0:0:0:1 - - [04/Sep/2015:21:40:46 +0530] GET /console/opendocumentclass?classid=1 HTTP/1.1 200 11180
0:0:0:0:0:0:0:1 - - [04/Sep/2015:21:40:46 +0530] GET /images/JPG.gif HTTP/1.1 200 942
0:0:0:0:0:0:0:1 - - [04/Sep/2015:21:40:46 +0530] GET /fonts/krystaldms-opensansitalic.woff HTTP/1.1 200 20224
0:0:0:0:0:0:0:1 - - [04/Sep/2015:21:40:48 +0530] GET /console/viewdocument?documentid=3&revisionid=2.0 HTTP/1.1 200 16566
0:0:0:0:0:0:0:1 - - [04/Sep/2015:21:40:48 +0530] GET /js/ViewerJS/?type=pdf HTTP/1.1 200 41733
0:0:0:0:0:0:0:1 - - [04/Sep/2015:21:40:48 +0530] GET /js/ViewerJS/images/toolbarButton-zoomOut.png HTTP/1.1 200 143
0:0:0:0:0:0:0:1 - - [04/Sep/2015:21:40:48 +0530] GET /js/ViewerJS/images/texture.png HTTP/1.1 200 2459
0:0:0:0:0:0:0:1 - - [04/Sep/2015:21:40:48 +0530] GET /js/ViewerJS/images/toolbarButton-zoomIn.png HTTP/1.1 200 228
0:0:0:0:0:0:0:1 - - [04/Sep/2015:21:40:48 +0530] GET /js/ViewerJS/images/toolbarButton-pageUp.png HTTP/1.1 200 344
0:0:0:0:0:0:0:1 - - [04/Sep/2015:21:40:48 +0530] GET /js/ViewerJS/images/toolbarButton-menuArrows.png HTTP/1.1 200 237
0:0:0:0:0:0:0:1 - - [04/Sep/2015:21:40:48 +0530] GET /js/ViewerJS/images/toolbarButton-pageDown.png HTTP/1.1 200 353
0:0:0:0:0:0:0:1 - - [04/Sep/2015:21:40:49 +0530] HEAD /console/mobiledocumentviewer?documentid=3&revisionid=2.0 HTTP/1.1 200 -
0:0:0:0:0:0:0:1 - - [04/Sep/2015:21:40:49 +0530] GET /js/ViewerJS/images/nlnet.png HTTP/1.1 200 5400
0:0:0:0:0:0:0:1 - - [04/Sep/2015:21:40:49 +0530] GET /js/ViewerJS/compatibility.js HTTP/1.1 200 17617
0:0:0:0:0:0:0:1 - - [04/Sep/2015:21:40:49 +0530] GET /js/ViewerJS/images/kogmbh.png HTTP/1.1 200 2835
0:0:0:0:0:0:0:1 - - [04/Sep/2015:21:40:49 +0530] GET /js/ViewerJS/pdf.js HTTP/1.1 200 254888
0:0:0:0:0:0:0:1 - - [04/Sep/2015:21:40:49 +0530] GET /js/ViewerJS/pdfjsversion.js HTTP/1.1 200 53
0:0:0:0:0:0:0:1 - - [04/Sep/2015:21:40:49 +0530] GET /js/ViewerJS/text_layer_builder.js HTTP/1.1 200 13463
0:0:0:0:0:0:0:1 - - [04/Sep/2015:21:40:49 +0530] GET /js/ViewerJS/ui_utils.js HTTP/1.1 200 11134
0:0:0:0:0:0:0:1 - - [04/Sep/2015:21:40:49 +0530] GET /js/ViewerJS/pdf.worker.js HTTP/1.1 200 1243049
0:0:0:0:0:0:0:1 - - [04/Sep/2015:21:40:50 +0530] GET /console/mobiledocumentviewer?documentid=3&revisionid=2.0 HTTP/1.1 200 274300
0:0:0:0:0:0:0:1 - - [04/Sep/2015:21:40:53 +0530] GET /console HTTP/1.1 200 10737
0:0:0:0:0:0:0:1 - - [04/Sep/2015:21:40:53 +0530] GET /console/profilepicture?size=medium&username=ADMINISTRATOR HTTP/1.1 200 692
0:0:0:0:0:0:0:1 - - [04/Sep/2015:21:40:55 +0530] GET /console/opendocumentclass?classid=3 HTTP/1.1 200 11008
0:0:0:0:0:0:0:1 - - [04/Sep/2015:21:40:56 +0530] GET /console/viewdocument?documentid=4&revisionid=1.0 HTTP/1.1 200 16476
0:0:0:0:0:0:0:1 - - [04/Sep/2015:21:40:57 +0530] HEAD /console/mobiledocumentviewer?documentid=4&revisionid=1.0 HTTP/1.1 200 -
0:0:0:0:0:0:0:1 - - [04/Sep/2015:21:40:57 +0530] GET /console/mobiledocumentviewer?documentid=4&revisionid=1.0 HTTP/1.1 200 376103
0:0:0:0:0:0:0:1 - - [04/Sep/2015:21:41:03 +0530] GET /logout HTTP/1.1 200 2687
0:0:0:0:0:0:0:1 - - [04/Sep/2015:21:41:05 +0530] GET / HTTP/1.1 200 3523
