0:0:0:0:0:0:0:1 - - [03/Sep/2015:14:57:08 +0530] GET / HTTP/1.1 200 3523
0:0:0:0:0:0:0:1 - - [03/Sep/2015:14:57:15 +0530] POST /login HTTP/1.1 302 -
0:0:0:0:0:0:0:1 - - [03/Sep/2015:14:57:16 +0530] GET /console HTTP/1.1 200 10580
0:0:0:0:0:0:0:1 - - [03/Sep/2015:14:57:16 +0530] GET /console/profilepicture?size=medium&username=ADMINISTRATOR HTTP/1.1 200 11553
0:0:0:0:0:0:0:1 - - [03/Sep/2015:14:57:24 +0530] GET /console/newdocument?classid=1 HTTP/1.1 200 8247
0:0:0:0:0:0:0:1 - - [03/Sep/2015:14:57:33 +0530] POST /console/uploadprogress HTTP/1.1 200 -
0:0:0:0:0:0:0:1 - - [03/Sep/2015:14:57:33 +0530] POST /console/uploadprogress HTTP/1.1 200 172
0:0:0:0:0:0:0:1 - - [03/Sep/2015:14:57:33 +0530] POST /console/uploadprogress HTTP/1.1 200 172
0:0:0:0:0:0:0:1 - - [03/Sep/2015:14:57:33 +0530] POST /console/uploadprogress HTTP/1.1 200 173
0:0:0:0:0:0:0:1 - - [03/Sep/2015:14:57:33 +0530] POST /console/uploadprogress HTTP/1.1 200 173
0:0:0:0:0:0:0:1 - - [03/Sep/2015:14:57:33 +0530] POST /console/uploadprogress HTTP/1.1 200 173
0:0:0:0:0:0:0:1 - - [03/Sep/2015:14:57:33 +0530] POST /console/uploadprogress HTTP/1.1 200 173
0:0:0:0:0:0:0:1 - - [03/Sep/2015:14:57:33 +0530] POST /console/uploadprogress HTTP/1.1 200 173
0:0:0:0:0:0:0:1 - - [03/Sep/2015:14:57:33 +0530] POST /console/uploadprogress HTTP/1.1 200 173
0:0:0:0:0:0:0:1 - - [03/Sep/2015:14:57:33 +0530] POST /console/uploadprogress HTTP/1.1 200 173
0:0:0:0:0:0:0:1 - - [03/Sep/2015:14:57:33 +0530] POST /console/uploadprogress HTTP/1.1 200 173
0:0:0:0:0:0:0:1 - - [03/Sep/2015:14:57:33 +0530] POST /console/uploadprogress HTTP/1.1 200 173
0:0:0:0:0:0:0:1 - - [03/Sep/2015:14:57:33 +0530] POST /console/uploadprogress HTTP/1.1 200 173
0:0:0:0:0:0:0:1 - - [03/Sep/2015:14:57:33 +0530] POST /console/uploadprogress HTTP/1.1 200 173
0:0:0:0:0:0:0:1 - - [03/Sep/2015:14:57:33 +0530] POST /console/uploadprogress HTTP/1.1 200 173
0:0:0:0:0:0:0:1 - - [03/Sep/2015:14:57:33 +0530] POST /console/uploadprogress HTTP/1.1 200 173
0:0:0:0:0:0:0:1 - - [03/Sep/2015:14:57:33 +0530] POST /console/newdocument HTTP/1.1 200 -
0:0:0:0:0:0:0:1 - - [03/Sep/2015:14:57:33 +0530] POST /console/uploadprogress HTTP/1.1 200 147
0:0:0:0:0:0:0:1 - - [03/Sep/2015:14:57:35 +0530] GET /console HTTP/1.1 200 10574
0:0:0:0:0:0:0:1 - - [03/Sep/2015:14:57:36 +0530] GET /console/profilepicture?size=medium&username=ADMINISTRATOR HTTP/1.1 200 11553
0:0:0:0:0:0:0:1 - - [03/Sep/2015:14:57:39 +0530] GET /console/opendocumentclass?classid=1 HTTP/1.1 200 12209
0:0:0:0:0:0:0:1 - - [03/Sep/2015:14:57:39 +0530] GET /images/XML.gif HTTP/1.1 200 932
0:0:0:0:0:0:0:1 - - [03/Sep/2015:14:57:41 +0530] GET /console/viewdocument?documentid=10&revisionid=1.0 HTTP/1.1 200 16573
0:0:0:0:0:0:0:1 - - [03/Sep/2015:14:57:41 +0530] GET /js/ViewerJS/?type=pdf HTTP/1.1 304 -
0:0:0:0:0:0:0:1 - - [03/Sep/2015:14:57:41 +0530] GET /js/ViewerJS/images/texture.png HTTP/1.1 304 -
0:0:0:0:0:0:0:1 - - [03/Sep/2015:14:57:41 +0530] GET /js/ViewerJS/images/toolbarButton-zoomOut.png HTTP/1.1 304 -
0:0:0:0:0:0:0:1 - - [03/Sep/2015:14:57:41 +0530] GET /js/ViewerJS/images/toolbarButton-zoomIn.png HTTP/1.1 304 -
0:0:0:0:0:0:0:1 - - [03/Sep/2015:14:57:41 +0530] GET /js/ViewerJS/images/toolbarButton-menuArrows.png HTTP/1.1 304 -
0:0:0:0:0:0:0:1 - - [03/Sep/2015:14:57:41 +0530] GET /js/ViewerJS/images/toolbarButton-pageDown.png HTTP/1.1 304 -
0:0:0:0:0:0:0:1 - - [03/Sep/2015:14:57:41 +0530] GET /js/ViewerJS/images/toolbarButton-pageUp.png HTTP/1.1 304 -
0:0:0:0:0:0:0:1 - - [03/Sep/2015:14:57:41 +0530] HEAD /console/mobiledocumentviewer?documentid=10&revisionid=1.0 HTTP/1.1 200 -
0:0:0:0:0:0:0:1 - - [03/Sep/2015:14:57:42 +0530] GET /js/ViewerJS/compatibility.js HTTP/1.1 304 -
0:0:0:0:0:0:0:1 - - [03/Sep/2015:14:57:42 +0530] GET /js/ViewerJS/images/nlnet.png HTTP/1.1 304 -
0:0:0:0:0:0:0:1 - - [03/Sep/2015:14:57:42 +0530] GET /js/ViewerJS/images/kogmbh.png HTTP/1.1 304 -
0:0:0:0:0:0:0:1 - - [03/Sep/2015:14:57:42 +0530] GET /js/ViewerJS/pdf.js HTTP/1.1 304 -
0:0:0:0:0:0:0:1 - - [03/Sep/2015:14:57:42 +0530] GET /js/ViewerJS/ui_utils.js HTTP/1.1 304 -
0:0:0:0:0:0:0:1 - - [03/Sep/2015:14:57:42 +0530] GET /js/ViewerJS/text_layer_builder.js HTTP/1.1 304 -
0:0:0:0:0:0:0:1 - - [03/Sep/2015:14:57:42 +0530] GET /js/ViewerJS/pdfjsversion.js HTTP/1.1 304 -
0:0:0:0:0:0:0:1 - - [03/Sep/2015:14:57:42 +0530] GET /js/ViewerJS/pdf.worker.js HTTP/1.1 304 -
0:0:0:0:0:0:0:1 - - [03/Sep/2015:14:57:42 +0530] GET /console/mobiledocumentviewer?documentid=10&revisionid=1.0 HTTP/1.1 200 -
0:0:0:0:0:0:0:1 - - [03/Sep/2015:14:58:10 +0530] GET /console/viewdocument?documentid=10&revisionid=1.0 HTTP/1.1 200 16575
0:0:0:0:0:0:0:1 - - [03/Sep/2015:14:58:10 +0530] GET /css/bootstrap-dialog.css HTTP/1.1 304 -
0:0:0:0:0:0:0:1 - - [03/Sep/2015:14:58:10 +0530] GET /css/datepicker.css HTTP/1.1 304 -
0:0:0:0:0:0:0:1 - - [03/Sep/2015:14:58:10 +0530] GET /css/bootstrap.css HTTP/1.1 304 -
0:0:0:0:0:0:0:1 - - [03/Sep/2015:14:58:10 +0530] GET /css/sticky-footer-navbar.css HTTP/1.1 304 -
0:0:0:0:0:0:0:1 - - [03/Sep/2015:14:58:10 +0530] GET /css/font-awesome.css HTTP/1.1 304 -
0:0:0:0:0:0:0:1 - - [03/Sep/2015:14:58:10 +0530] GET /css/colorbox.css HTTP/1.1 304 -
0:0:0:0:0:0:0:1 - - [03/Sep/2015:14:58:10 +0530] GET /css/morris.css HTTP/1.1 304 -
0:0:0:0:0:0:0:1 - - [03/Sep/2015:14:58:10 +0530] GET /js/jquery.js HTTP/1.1 304 -
0:0:0:0:0:0:0:1 - - [03/Sep/2015:14:58:10 +0530] GET /css/krystal.css HTTP/1.1 304 -
0:0:0:0:0:0:0:1 - - [03/Sep/2015:14:58:10 +0530] GET /js/jquery.validate.min.js HTTP/1.1 304 -
0:0:0:0:0:0:0:1 - - [03/Sep/2015:14:58:10 +0530] GET /js/additional-methods.min.js HTTP/1.1 304 -
0:0:0:0:0:0:0:1 - - [03/Sep/2015:14:58:10 +0530] GET /js/odometer.min.js HTTP/1.1 304 -
0:0:0:0:0:0:0:1 - - [03/Sep/2015:14:58:10 +0530] GET /js/bootstrap-dialog.js HTTP/1.1 304 -
0:0:0:0:0:0:0:1 - - [03/Sep/2015:14:58:10 +0530] GET /js/bootstrap.js HTTP/1.1 304 -
0:0:0:0:0:0:0:1 - - [03/Sep/2015:14:58:10 +0530] GET /js/bootstrap-datepicker.js HTTP/1.1 304 -
0:0:0:0:0:0:0:1 - - [03/Sep/2015:14:58:10 +0530] GET /js/jquery.colorbox-min.js HTTP/1.1 304 -
0:0:0:0:0:0:0:1 - - [03/Sep/2015:14:58:10 +0530] GET /js/jquery.highlight.js HTTP/1.1 304 -
0:0:0:0:0:0:0:1 - - [03/Sep/2015:14:58:10 +0530] GET /js/morris.js HTTP/1.1 304 -
0:0:0:0:0:0:0:1 - - [03/Sep/2015:14:58:10 +0530] GET /js/typeahead.min.js HTTP/1.1 304 -
0:0:0:0:0:0:0:1 - - [03/Sep/2015:14:58:10 +0530] GET /js/raphael-min.js HTTP/1.1 304 -
0:0:0:0:0:0:0:1 - - [03/Sep/2015:14:58:10 +0530] GET /js/scripts.js HTTP/1.1 304 -
0:0:0:0:0:0:0:1 - - [03/Sep/2015:14:58:10 +0530] GET /images/krystal.png HTTP/1.1 304 -
0:0:0:0:0:0:0:1 - - [03/Sep/2015:14:58:10 +0530] GET /images/XML.gif HTTP/1.1 304 -
0:0:0:0:0:0:0:1 - - [03/Sep/2015:14:58:10 +0530] GET /images/primeleaf.jpg HTTP/1.1 304 -
0:0:0:0:0:0:0:1 - - [03/Sep/2015:14:58:10 +0530] GET /js/ViewerJS/?type=pdf HTTP/1.1 304 -
0:0:0:0:0:0:0:1 - - [03/Sep/2015:14:58:10 +0530] GET /fonts/krystaldms-opensans.woff HTTP/1.1 304 -
0:0:0:0:0:0:0:1 - - [03/Sep/2015:14:58:10 +0530] GET /fonts/krystaldms-opensanslight.woff HTTP/1.1 304 -
0:0:0:0:0:0:0:1 - - [03/Sep/2015:14:58:10 +0530] GET /js/ViewerJS/images/texture.png HTTP/1.1 304 -
0:0:0:0:0:0:0:1 - - [03/Sep/2015:14:58:10 +0530] GET /js/ViewerJS/images/toolbarButton-zoomOut.png HTTP/1.1 304 -
0:0:0:0:0:0:0:1 - - [03/Sep/2015:14:58:10 +0530] GET /js/ViewerJS/images/toolbarButton-zoomIn.png HTTP/1.1 304 -
0:0:0:0:0:0:0:1 - - [03/Sep/2015:14:58:10 +0530] GET /js/ViewerJS/images/toolbarButton-menuArrows.png HTTP/1.1 304 -
0:0:0:0:0:0:0:1 - - [03/Sep/2015:14:58:10 +0530] GET /js/ViewerJS/images/toolbarButton-pageUp.png HTTP/1.1 304 -
0:0:0:0:0:0:0:1 - - [03/Sep/2015:14:58:10 +0530] GET /js/ViewerJS/images/toolbarButton-pageDown.png HTTP/1.1 304 -
0:0:0:0:0:0:0:1 - - [03/Sep/2015:14:58:10 +0530] GET /images/favicon.ico HTTP/1.1 200 1150
0:0:0:0:0:0:0:1 - - [03/Sep/2015:14:58:10 +0530] HEAD /console/mobiledocumentviewer?documentid=10&revisionid=1.0 HTTP/1.1 200 -
0:0:0:0:0:0:0:1 - - [03/Sep/2015:14:58:11 +0530] GET /console/mobiledocumentviewer?documentid=10&revisionid=1.0 HTTP/1.1 200 91414
0:0:0:0:0:0:0:1 - - [03/Sep/2015:14:58:31 +0530] GET /console HTTP/1.1 200 10642
0:0:0:0:0:0:0:1 - - [03/Sep/2015:14:58:32 +0530] GET /fonts/krystaldms-opensansbold.woff HTTP/1.1 304 -
0:0:0:0:0:0:0:1 - - [03/Sep/2015:14:58:32 +0530] GET /console/profilepicture?size=medium&username=ADMINISTRATOR HTTP/1.1 200 11553
0:0:0:0:0:0:0:1 - - [03/Sep/2015:14:58:33 +0530] GET /console/newdocument?classid=1 HTTP/1.1 200 8247
0:0:0:0:0:0:0:1 - - [03/Sep/2015:14:58:47 +0530] POST /console/uploadprogress HTTP/1.1 200 -
0:0:0:0:0:0:0:1 - - [03/Sep/2015:14:58:47 +0530] POST /console/uploadprogress HTTP/1.1 200 176
0:0:0:0:0:0:0:1 - - [03/Sep/2015:14:58:47 +0530] POST /console/uploadprogress HTTP/1.1 200 176
0:0:0:0:0:0:0:1 - - [03/Sep/2015:14:58:47 +0530] POST /console/uploadprogress HTTP/1.1 200 177
0:0:0:0:0:0:0:1 - - [03/Sep/2015:14:58:47 +0530] POST /console/uploadprogress HTTP/1.1 200 176
0:0:0:0:0:0:0:1 - - [03/Sep/2015:14:58:47 +0530] POST /console/uploadprogress HTTP/1.1 200 177
0:0:0:0:0:0:0:1 - - [03/Sep/2015:14:58:47 +0530] POST /console/uploadprogress HTTP/1.1 200 177
0:0:0:0:0:0:0:1 - - [03/Sep/2015:14:58:47 +0530] POST /console/uploadprogress HTTP/1.1 200 177
0:0:0:0:0:0:0:1 - - [03/Sep/2015:14:58:47 +0530] POST /console/uploadprogress HTTP/1.1 200 177
0:0:0:0:0:0:0:1 - - [03/Sep/2015:14:58:47 +0530] POST /console/uploadprogress HTTP/1.1 200 177
0:0:0:0:0:0:0:1 - - [03/Sep/2015:14:58:47 +0530] POST /console/uploadprogress HTTP/1.1 200 177
0:0:0:0:0:0:0:1 - - [03/Sep/2015:14:58:47 +0530] POST /console/uploadprogress HTTP/1.1 200 177
0:0:0:0:0:0:0:1 - - [03/Sep/2015:14:58:47 +0530] POST /console/uploadprogress HTTP/1.1 200 177
0:0:0:0:0:0:0:1 - - [03/Sep/2015:14:58:47 +0530] POST /console/uploadprogress HTTP/1.1 200 177
0:0:0:0:0:0:0:1 - - [03/Sep/2015:14:58:47 +0530] POST /console/newdocument HTTP/1.1 200 -
0:0:0:0:0:0:0:1 - - [03/Sep/2015:14:58:47 +0530] POST /console/uploadprogress HTTP/1.1 200 151
0:0:0:0:0:0:0:1 - - [03/Sep/2015:14:58:50 +0530] GET /console HTTP/1.1 200 10649
0:0:0:0:0:0:0:1 - - [03/Sep/2015:14:58:50 +0530] GET /console/profilepicture?size=medium&username=ADMINISTRATOR HTTP/1.1 200 11553
0:0:0:0:0:0:0:1 - - [03/Sep/2015:14:58:54 +0530] GET /console/opendocumentclass?classid=1 HTTP/1.1 200 13241
0:0:0:0:0:0:0:1 - - [03/Sep/2015:14:58:54 +0530] GET /images/PDF.gif HTTP/1.1 200 624
0:0:0:0:0:0:0:1 - - [03/Sep/2015:14:58:54 +0530] GET /fonts/krystaldms-opensansitalic.woff HTTP/1.1 304 -
0:0:0:0:0:0:0:1 - - [03/Sep/2015:14:58:58 +0530] GET /console/viewdocument?documentid=11&revisionid=1.0 HTTP/1.1 200 16577
0:0:0:0:0:0:0:1 - - [03/Sep/2015:14:58:58 +0530] HEAD /console/mobiledocumentviewer?documentid=11&revisionid=1.0 HTTP/1.1 200 -
0:0:0:0:0:0:0:1 - - [03/Sep/2015:14:58:58 +0530] GET /console/mobiledocumentviewer?documentid=11&revisionid=1.0 HTTP/1.1 200 91414
0:0:0:0:0:0:0:1 - - [03/Sep/2015:14:59:22 +0530] GET /console/viewdocument?documentid=11&revisionid=1.0 HTTP/1.1 200 16577
0:0:0:0:0:0:0:1 - - [03/Sep/2015:14:59:22 +0530] GET /css/bootstrap-dialog.css HTTP/1.1 304 -
0:0:0:0:0:0:0:1 - - [03/Sep/2015:14:59:22 +0530] GET /css/bootstrap.css HTTP/1.1 304 -
0:0:0:0:0:0:0:1 - - [03/Sep/2015:14:59:22 +0530] GET /css/sticky-footer-navbar.css HTTP/1.1 304 -
0:0:0:0:0:0:0:1 - - [03/Sep/2015:14:59:22 +0530] GET /css/datepicker.css HTTP/1.1 304 -
0:0:0:0:0:0:0:1 - - [03/Sep/2015:14:59:22 +0530] GET /css/font-awesome.css HTTP/1.1 304 -
0:0:0:0:0:0:0:1 - - [03/Sep/2015:14:59:22 +0530] GET /css/colorbox.css HTTP/1.1 304 -
0:0:0:0:0:0:0:1 - - [03/Sep/2015:14:59:22 +0530] GET /css/morris.css HTTP/1.1 304 -
0:0:0:0:0:0:0:1 - - [03/Sep/2015:14:59:22 +0530] GET /css/krystal.css HTTP/1.1 304 -
0:0:0:0:0:0:0:1 - - [03/Sep/2015:14:59:22 +0530] GET /js/jquery.js HTTP/1.1 304 -
0:0:0:0:0:0:0:1 - - [03/Sep/2015:14:59:22 +0530] GET /js/additional-methods.min.js HTTP/1.1 304 -
0:0:0:0:0:0:0:1 - - [03/Sep/2015:14:59:22 +0530] GET /js/jquery.validate.min.js HTTP/1.1 304 -
0:0:0:0:0:0:0:1 - - [03/Sep/2015:14:59:22 +0530] GET /js/odometer.min.js HTTP/1.1 304 -
0:0:0:0:0:0:0:1 - - [03/Sep/2015:14:59:22 +0530] GET /js/bootstrap-dialog.js HTTP/1.1 304 -
0:0:0:0:0:0:0:1 - - [03/Sep/2015:14:59:22 +0530] GET /js/bootstrap-datepicker.js HTTP/1.1 304 -
0:0:0:0:0:0:0:1 - - [03/Sep/2015:14:59:22 +0530] GET /js/bootstrap.js HTTP/1.1 304 -
0:0:0:0:0:0:0:1 - - [03/Sep/2015:14:59:22 +0530] GET /js/typeahead.min.js HTTP/1.1 304 -
0:0:0:0:0:0:0:1 - - [03/Sep/2015:14:59:22 +0530] GET /js/jquery.colorbox-min.js HTTP/1.1 304 -
0:0:0:0:0:0:0:1 - - [03/Sep/2015:14:59:22 +0530] GET /js/scripts.js HTTP/1.1 304 -
0:0:0:0:0:0:0:1 - - [03/Sep/2015:14:59:22 +0530] GET /js/morris.js HTTP/1.1 304 -
0:0:0:0:0:0:0:1 - - [03/Sep/2015:14:59:22 +0530] GET /images/krystal.png HTTP/1.1 304 -
0:0:0:0:0:0:0:1 - - [03/Sep/2015:14:59:22 +0530] GET /js/raphael-min.js HTTP/1.1 304 -
0:0:0:0:0:0:0:1 - - [03/Sep/2015:14:59:22 +0530] GET /js/jquery.highlight.js HTTP/1.1 304 -
0:0:0:0:0:0:0:1 - - [03/Sep/2015:14:59:22 +0530] GET /images/PDF.gif HTTP/1.1 304 -
0:0:0:0:0:0:0:1 - - [03/Sep/2015:14:59:22 +0530] GET /images/primeleaf.jpg HTTP/1.1 304 -
0:0:0:0:0:0:0:1 - - [03/Sep/2015:14:59:22 +0530] GET /js/ViewerJS/?type=pdf HTTP/1.1 304 -
0:0:0:0:0:0:0:1 - - [03/Sep/2015:14:59:22 +0530] GET /fonts/krystaldms-opensanslight.woff HTTP/1.1 304 -
0:0:0:0:0:0:0:1 - - [03/Sep/2015:14:59:22 +0530] GET /fonts/krystaldms-opensans.woff HTTP/1.1 304 -
0:0:0:0:0:0:0:1 - - [03/Sep/2015:14:59:22 +0530] GET /js/ViewerJS/images/toolbarButton-menuArrows.png HTTP/1.1 304 -
0:0:0:0:0:0:0:1 - - [03/Sep/2015:14:59:22 +0530] GET /js/ViewerJS/images/toolbarButton-pageUp.png HTTP/1.1 304 -
0:0:0:0:0:0:0:1 - - [03/Sep/2015:14:59:22 +0530] GET /js/ViewerJS/images/toolbarButton-zoomOut.png HTTP/1.1 304 -
0:0:0:0:0:0:0:1 - - [03/Sep/2015:14:59:22 +0530] GET /js/ViewerJS/images/toolbarButton-zoomIn.png HTTP/1.1 304 -
0:0:0:0:0:0:0:1 - - [03/Sep/2015:14:59:22 +0530] GET /js/ViewerJS/images/toolbarButton-pageDown.png HTTP/1.1 304 -
0:0:0:0:0:0:0:1 - - [03/Sep/2015:14:59:22 +0530] GET /js/ViewerJS/images/texture.png HTTP/1.1 304 -
0:0:0:0:0:0:0:1 - - [03/Sep/2015:14:59:22 +0530] GET /images/favicon.ico HTTP/1.1 200 1150
0:0:0:0:0:0:0:1 - - [03/Sep/2015:14:59:22 +0530] HEAD /console/mobiledocumentviewer?documentid=11&revisionid=1.0 HTTP/1.1 200 -
0:0:0:0:0:0:0:1 - - [03/Sep/2015:14:59:23 +0530] GET /console/mobiledocumentviewer?documentid=11&revisionid=1.0 HTTP/1.1 200 91414
0:0:0:0:0:0:0:1 - - [03/Sep/2015:15:00:34 +0530] GET /console/viewdocument?documentid=11&revisionid=1.0 HTTP/1.1 200 16591
0:0:0:0:0:0:0:1 - - [03/Sep/2015:15:00:34 +0530] GET /css/bootstrap.css HTTP/1.1 304 -
0:0:0:0:0:0:0:1 - - [03/Sep/2015:15:00:34 +0530] GET /css/datepicker.css HTTP/1.1 304 -
0:0:0:0:0:0:0:1 - - [03/Sep/2015:15:00:34 +0530] GET /css/bootstrap-dialog.css HTTP/1.1 304 -
0:0:0:0:0:0:0:1 - - [03/Sep/2015:15:00:34 +0530] GET /css/sticky-footer-navbar.css HTTP/1.1 304 -
0:0:0:0:0:0:0:1 - - [03/Sep/2015:15:00:34 +0530] GET /css/font-awesome.css HTTP/1.1 304 -
0:0:0:0:0:0:0:1 - - [03/Sep/2015:15:00:34 +0530] GET /css/colorbox.css HTTP/1.1 304 -
0:0:0:0:0:0:0:1 - - [03/Sep/2015:15:00:34 +0530] GET /css/morris.css HTTP/1.1 304 -
0:0:0:0:0:0:0:1 - - [03/Sep/2015:15:00:34 +0530] GET /js/jquery.validate.min.js HTTP/1.1 304 -
0:0:0:0:0:0:0:1 - - [03/Sep/2015:15:00:34 +0530] GET /css/krystal.css HTTP/1.1 304 -
0:0:0:0:0:0:0:1 - - [03/Sep/2015:15:00:34 +0530] GET /js/jquery.js HTTP/1.1 304 -
0:0:0:0:0:0:0:1 - - [03/Sep/2015:15:00:34 +0530] GET /js/odometer.min.js HTTP/1.1 304 -
0:0:0:0:0:0:0:1 - - [03/Sep/2015:15:00:34 +0530] GET /js/additional-methods.min.js HTTP/1.1 304 -
0:0:0:0:0:0:0:1 - - [03/Sep/2015:15:00:34 +0530] GET /js/bootstrap-datepicker.js HTTP/1.1 304 -
0:0:0:0:0:0:0:1 - - [03/Sep/2015:15:00:34 +0530] GET /js/typeahead.min.js HTTP/1.1 304 -
0:0:0:0:0:0:0:1 - - [03/Sep/2015:15:00:34 +0530] GET /js/bootstrap.js HTTP/1.1 304 -
0:0:0:0:0:0:0:1 - - [03/Sep/2015:15:00:34 +0530] GET /js/jquery.colorbox-min.js HTTP/1.1 304 -
0:0:0:0:0:0:0:1 - - [03/Sep/2015:15:00:34 +0530] GET /js/bootstrap-dialog.js HTTP/1.1 304 -
0:0:0:0:0:0:0:1 - - [03/Sep/2015:15:00:34 +0530] GET /js/jquery.highlight.js HTTP/1.1 304 -
0:0:0:0:0:0:0:1 - - [03/Sep/2015:15:00:34 +0530] GET /js/scripts.js HTTP/1.1 304 -
0:0:0:0:0:0:0:1 - - [03/Sep/2015:15:00:34 +0530] GET /js/raphael-min.js HTTP/1.1 304 -
0:0:0:0:0:0:0:1 - - [03/Sep/2015:15:00:34 +0530] GET /js/morris.js HTTP/1.1 304 -
0:0:0:0:0:0:0:1 - - [03/Sep/2015:15:00:34 +0530] GET /images/krystal.png HTTP/1.1 304 -
0:0:0:0:0:0:0:1 - - [03/Sep/2015:15:00:34 +0530] GET /images/PDF.gif HTTP/1.1 304 -
0:0:0:0:0:0:0:1 - - [03/Sep/2015:15:00:34 +0530] GET /images/primeleaf.jpg HTTP/1.1 304 -
0:0:0:0:0:0:0:1 - - [03/Sep/2015:15:00:34 +0530] GET /js/ViewerJS/?type=pdf HTTP/1.1 304 -
0:0:0:0:0:0:0:1 - - [03/Sep/2015:15:00:34 +0530] GET /fonts/krystaldms-opensanslight.woff HTTP/1.1 304 -
0:0:0:0:0:0:0:1 - - [03/Sep/2015:15:00:34 +0530] GET /fonts/krystaldms-opensans.woff HTTP/1.1 304 -
0:0:0:0:0:0:0:1 - - [03/Sep/2015:15:00:34 +0530] GET /js/ViewerJS/images/texture.png HTTP/1.1 304 -
0:0:0:0:0:0:0:1 - - [03/Sep/2015:15:00:34 +0530] GET /js/ViewerJS/images/toolbarButton-zoomIn.png HTTP/1.1 304 -
0:0:0:0:0:0:0:1 - - [03/Sep/2015:15:00:34 +0530] GET /js/ViewerJS/images/toolbarButton-zoomOut.png HTTP/1.1 304 -
0:0:0:0:0:0:0:1 - - [03/Sep/2015:15:00:34 +0530] GET /js/ViewerJS/images/toolbarButton-pageUp.png HTTP/1.1 304 -
0:0:0:0:0:0:0:1 - - [03/Sep/2015:15:00:34 +0530] GET /js/ViewerJS/images/toolbarButton-pageDown.png HTTP/1.1 304 -
0:0:0:0:0:0:0:1 - - [03/Sep/2015:15:00:34 +0530] GET /js/ViewerJS/images/toolbarButton-menuArrows.png HTTP/1.1 304 -
0:0:0:0:0:0:0:1 - - [03/Sep/2015:15:00:34 +0530] GET /images/favicon.ico HTTP/1.1 200 1150
0:0:0:0:0:0:0:1 - - [03/Sep/2015:15:00:34 +0530] HEAD /console/mobiledocumentviewer?documentid=11&revisionid=1.0 HTTP/1.1 200 -
0:0:0:0:0:0:0:1 - - [03/Sep/2015:15:00:34 +0530] GET /console/mobiledocumentviewer?documentid=11&revisionid=1.0 HTTP/1.1 200 930089
0:0:0:0:0:0:0:1 - - [03/Sep/2015:15:01:48 +0530] GET /console HTTP/1.1 200 10731
0:0:0:0:0:0:0:1 - - [03/Sep/2015:15:01:48 +0530] GET /fonts/krystaldms-opensansbold.woff HTTP/1.1 304 -
0:0:0:0:0:0:0:1 - - [03/Sep/2015:15:01:48 +0530] GET /console/profilepicture?size=medium&username=ADMINISTRATOR HTTP/1.1 200 11553
0:0:0:0:0:0:0:1 - - [03/Sep/2015:15:01:50 +0530] GET /console/opendocumentclass?classid=1 HTTP/1.1 200 13241
0:0:0:0:0:0:0:1 - - [03/Sep/2015:15:01:50 +0530] GET /fonts/krystaldms-opensansitalic.woff HTTP/1.1 304 -
0:0:0:0:0:0:0:1 - - [03/Sep/2015:15:01:55 +0530] POST /console/bulkdelete HTTP/1.1 200 4634
0:0:0:0:0:0:0:1 - - [03/Sep/2015:15:01:57 +0530] GET /cpanel HTTP/1.1 200 5252
0:0:0:0:0:0:0:1 - - [03/Sep/2015:15:01:58 +0530] GET /cpanel/recyclebin HTTP/1.1 200 5222
0:0:0:0:0:0:0:1 - - [03/Sep/2015:15:01:59 +0530] GET /cpanel/recyclebincontent?type=D&classid=1 HTTP/1.1 200 6448
0:0:0:0:0:0:0:1 - - [03/Sep/2015:15:02:01 +0530] GET /cpanel/purgedocument?documentid=10 HTTP/1.1 200 5414
0:0:0:0:0:0:0:1 - - [03/Sep/2015:15:02:03 +0530] GET /cpanel/recyclebincontent?type=D&classid=1 HTTP/1.1 200 5852
0:0:0:0:0:0:0:1 - - [03/Sep/2015:15:02:05 +0530] GET /cpanel/purgedocument?documentid=11 HTTP/1.1 200 5002
0:0:0:0:0:0:0:1 - - [03/Sep/2015:15:02:09 +0530] GET /logout HTTP/1.1 200 2687
0:0:0:0:0:0:0:1 - - [03/Sep/2015:15:02:10 +0530] GET / HTTP/1.1 200 3523
